<?xml version="1.0" encoding="UTF-8"?>
<testsuite xmlns:xsi="http://www.w3.org/2001/XMLSchema-instance" xsi:noNamespaceSchemaLocation="https://maven.apache.org/surefire/maven-surefire-plugin/xsd/surefire-test-report.xsd" name="minor.two.AppTest" time="0.687" tests="0" errors="0" skipped="0" failures="0">
  <properties>
    <property name="java.specification.version" value="21"/>
    <property name="sun.cpu.isalist" value="amd64"/>
    <property name="sun.jnu.encoding" value="Cp1252"/>
    <property name="java.class.path" value="D:\docss\UPES\sem 6\Test Automation\testautomationreport\target\test-classes;D:\docss\UPES\sem 6\Test Automation\testautomationreport\target\classes;C:\Users\iamar\.m2\repository\org\seleniumhq\selenium\selenium-java\2.28.0\selenium-java-2.28.0.jar;C:\Users\iamar\.m2\repository\org\seleniumhq\selenium\selenium-android-driver\2.28.0\selenium-android-driver-2.28.0.jar;C:\Users\iamar\.m2\repository\org\seleniumhq\selenium\selenium-remote-driver\2.28.0\selenium-remote-driver-2.28.0.jar;C:\Users\iamar\.m2\repository\cglib\cglib-nodep\2.1_3\cglib-nodep-2.1_3.jar;C:\Users\iamar\.m2\repository\org\json\json\20080701\json-20080701.jar;C:\Users\iamar\.m2\repository\com\google\guava\guava\13.0.1\guava-13.0.1.jar;C:\Users\iamar\.m2\repository\org\seleniumhq\selenium\selenium-chrome-driver\2.28.0\selenium-chrome-driver-2.28.0.jar;C:\Users\iamar\.m2\repository\org\seleniumhq\selenium\selenium-htmlunit-driver\2.28.0\selenium-htmlunit-driver-2.28.0.jar;C:\Users\iamar\.m2\repository\org\seleniumhq\selenium\selenium-api\2.28.0\selenium-api-2.28.0.jar;C:\Users\iamar\.m2\repository\net\sourceforge\htmlunit\htmlunit\2.11\htmlunit-2.11.jar;C:\Users\iamar\.m2\repository\xalan\xalan\2.7.1\xalan-2.7.1.jar;C:\Users\iamar\.m2\repository\xalan\serializer\2.7.1\serializer-2.7.1.jar;C:\Users\iamar\.m2\repository\commons-collections\commons-collections\3.2.1\commons-collections-3.2.1.jar;C:\Users\iamar\.m2\repository\org\apache\commons\commons-lang3\3.1\commons-lang3-3.1.jar;C:\Users\iamar\.m2\repository\org\apache\httpcomponents\httpmime\4.2.2\httpmime-4.2.2.jar;C:\Users\iamar\.m2\repository\commons-codec\commons-codec\1.7\commons-codec-1.7.jar;C:\Users\iamar\.m2\repository\net\sourceforge\htmlunit\htmlunit-core-js\2.11\htmlunit-core-js-2.11.jar;C:\Users\iamar\.m2\repository\xerces\xercesImpl\2.10.0\xercesImpl-2.10.0.jar;C:\Users\iamar\.m2\repository\xml-apis\xml-apis\1.4.01\xml-apis-1.4.01.jar;C:\Users\iamar\.m2\repository\net\sourceforge\nekohtml\nekohtml\1.9.17\nekohtml-1.9.17.jar;C:\Users\iamar\.m2\repository\net\sourceforge\cssparser\cssparser\0.9.8\cssparser-0.9.8.jar;C:\Users\iamar\.m2\repository\org\w3c\css\sac\1.3\sac-1.3.jar;C:\Users\iamar\.m2\repository\commons-logging\commons-logging\1.1.1\commons-logging-1.1.1.jar;C:\Users\iamar\.m2\repository\org\eclipse\jetty\jetty-websocket\8.1.7.v20120910\jetty-websocket-8.1.7.v20120910.jar;C:\Users\iamar\.m2\repository\org\eclipse\jetty\jetty-util\8.1.7.v20120910\jetty-util-8.1.7.v20120910.jar;C:\Users\iamar\.m2\repository\org\eclipse\jetty\jetty-io\8.1.7.v20120910\jetty-io-8.1.7.v20120910.jar;C:\Users\iamar\.m2\repository\org\eclipse\jetty\jetty-http\8.1.7.v20120910\jetty-http-8.1.7.v20120910.jar;C:\Users\iamar\.m2\repository\org\apache\httpcomponents\httpclient\4.2.1\httpclient-4.2.1.jar;C:\Users\iamar\.m2\repository\org\apache\httpcomponents\httpcore\4.2.1\httpcore-4.2.1.jar;C:\Users\iamar\.m2\repository\org\seleniumhq\selenium\selenium-firefox-driver\2.28.0\selenium-firefox-driver-2.28.0.jar;C:\Users\iamar\.m2\repository\commons-io\commons-io\2.2\commons-io-2.2.jar;C:\Users\iamar\.m2\repository\org\apache\commons\commons-exec\1.1\commons-exec-1.1.jar;C:\Users\iamar\.m2\repository\org\seleniumhq\selenium\selenium-ie-driver\2.28.0\selenium-ie-driver-2.28.0.jar;C:\Users\iamar\.m2\repository\net\java\dev\jna\jna\3.4.0\jna-3.4.0.jar;C:\Users\iamar\.m2\repository\net\java\dev\jna\platform\3.4.0\platform-3.4.0.jar;C:\Users\iamar\.m2\repository\org\seleniumhq\selenium\selenium-iphone-driver\2.28.0\selenium-iphone-driver-2.28.0.jar;C:\Users\iamar\.m2\repository\org\seleniumhq\selenium\selenium-safari-driver\2.28.0\selenium-safari-driver-2.28.0.jar;C:\Users\iamar\.m2\repository\org\seleniumhq\selenium\selenium-support\2.28.0\selenium-support-2.28.0.jar;C:\Users\iamar\.m2\repository\org\webbitserver\webbit\0.4.14\webbit-0.4.14.jar;C:\Users\iamar\.m2\repository\io\netty\netty\3.5.2.Final\netty-3.5.2.Final.jar;C:\Users\iamar\.m2\repository\org\testng\testng\7.10.1\testng-7.10.1.jar;C:\Users\iamar\.m2\repository\org\slf4j\slf4j-api\1.7.36\slf4j-api-1.7.36.jar;C:\Users\iamar\.m2\repository\com\beust\jcommander\1.82\jcommander-1.82.jar;C:\Users\iamar\.m2\repository\org\webjars\jquery\3.7.1\jquery-3.7.1.jar;"/>
    <property name="java.vm.vendor" value="Oracle Corporation"/>
    <property name="sun.arch.data.model" value="64"/>
    <property name="user.variant" value=""/>
    <property name="java.vendor.url" value="https://java.oracle.com/"/>
    <property name="user.timezone" value="Asia/Calcutta"/>
    <property name="os.name" value="Windows 11"/>
    <property name="java.vm.specification.version" value="21"/>
    <property name="sun.java.launcher" value="SUN_STANDARD"/>
    <property name="user.country" value="IN"/>
    <property name="sun.boot.library.path" value="C:\Program Files\Java\jdk-21\bin"/>
    <property name="sun.java.command" value="C:\Users\iamar\AppData\Local\Temp\surefire10344143891133587221\surefirebooter8953039087257716538.jar C:\Users\iamar\AppData\Local\Temp\surefire10344143891133587221 2024-04-25T23-51-12_397-jvmRun1 surefire13702017769351187178tmp surefire_04749736779630383644tmp"/>
    <property name="jdk.debug" value="release"/>
    <property name="surefire.test.class.path" value="D:\docss\UPES\sem 6\Test Automation\testautomationreport\target\test-classes;D:\docss\UPES\sem 6\Test Automation\testautomationreport\target\classes;C:\Users\iamar\.m2\repository\org\seleniumhq\selenium\selenium-java\2.28.0\selenium-java-2.28.0.jar;C:\Users\iamar\.m2\repository\org\seleniumhq\selenium\selenium-android-driver\2.28.0\selenium-android-driver-2.28.0.jar;C:\Users\iamar\.m2\repository\org\seleniumhq\selenium\selenium-remote-driver\2.28.0\selenium-remote-driver-2.28.0.jar;C:\Users\iamar\.m2\repository\cglib\cglib-nodep\2.1_3\cglib-nodep-2.1_3.jar;C:\Users\iamar\.m2\repository\org\json\json\20080701\json-20080701.jar;C:\Users\iamar\.m2\repository\com\google\guava\guava\13.0.1\guava-13.0.1.jar;C:\Users\iamar\.m2\repository\org\seleniumhq\selenium\selenium-chrome-driver\2.28.0\selenium-chrome-driver-2.28.0.jar;C:\Users\iamar\.m2\repository\org\seleniumhq\selenium\selenium-htmlunit-driver\2.28.0\selenium-htmlunit-driver-2.28.0.jar;C:\Users\iamar\.m2\repository\org\seleniumhq\selenium\selenium-api\2.28.0\selenium-api-2.28.0.jar;C:\Users\iamar\.m2\repository\net\sourceforge\htmlunit\htmlunit\2.11\htmlunit-2.11.jar;C:\Users\iamar\.m2\repository\xalan\xalan\2.7.1\xalan-2.7.1.jar;C:\Users\iamar\.m2\repository\xalan\serializer\2.7.1\serializer-2.7.1.jar;C:\Users\iamar\.m2\repository\commons-collections\commons-collections\3.2.1\commons-collections-3.2.1.jar;C:\Users\iamar\.m2\repository\org\apache\commons\commons-lang3\3.1\commons-lang3-3.1.jar;C:\Users\iamar\.m2\repository\org\apache\httpcomponents\httpmime\4.2.2\httpmime-4.2.2.jar;C:\Users\iamar\.m2\repository\commons-codec\commons-codec\1.7\commons-codec-1.7.jar;C:\Users\iamar\.m2\repository\net\sourceforge\htmlunit\htmlunit-core-js\2.11\htmlunit-core-js-2.11.jar;C:\Users\iamar\.m2\repository\xerces\xercesImpl\2.10.0\xercesImpl-2.10.0.jar;C:\Users\iamar\.m2\repository\xml-apis\xml-apis\1.4.01\xml-apis-1.4.01.jar;C:\Users\iamar\.m2\repository\net\sourceforge\nekohtml\nekohtml\1.9.17\nekohtml-1.9.17.jar;C:\Users\iamar\.m2\repository\net\sourceforge\cssparser\cssparser\0.9.8\cssparser-0.9.8.jar;C:\Users\iamar\.m2\repository\org\w3c\css\sac\1.3\sac-1.3.jar;C:\Users\iamar\.m2\repository\commons-logging\commons-logging\1.1.1\commons-logging-1.1.1.jar;C:\Users\iamar\.m2\repository\org\eclipse\jetty\jetty-websocket\8.1.7.v20120910\jetty-websocket-8.1.7.v20120910.jar;C:\Users\iamar\.m2\repository\org\eclipse\jetty\jetty-util\8.1.7.v20120910\jetty-util-8.1.7.v20120910.jar;C:\Users\iamar\.m2\repository\org\eclipse\jetty\jetty-io\8.1.7.v20120910\jetty-io-8.1.7.v20120910.jar;C:\Users\iamar\.m2\repository\org\eclipse\jetty\jetty-http\8.1.7.v20120910\jetty-http-8.1.7.v20120910.jar;C:\Users\iamar\.m2\repository\org\apache\httpcomponents\httpclient\4.2.1\httpclient-4.2.1.jar;C:\Users\iamar\.m2\repository\org\apache\httpcomponents\httpcore\4.2.1\httpcore-4.2.1.jar;C:\Users\iamar\.m2\repository\org\seleniumhq\selenium\selenium-firefox-driver\2.28.0\selenium-firefox-driver-2.28.0.jar;C:\Users\iamar\.m2\repository\commons-io\commons-io\2.2\commons-io-2.2.jar;C:\Users\iamar\.m2\repository\org\apache\commons\commons-exec\1.1\commons-exec-1.1.jar;C:\Users\iamar\.m2\repository\org\seleniumhq\selenium\selenium-ie-driver\2.28.0\selenium-ie-driver-2.28.0.jar;C:\Users\iamar\.m2\repository\net\java\dev\jna\jna\3.4.0\jna-3.4.0.jar;C:\Users\iamar\.m2\repository\net\java\dev\jna\platform\3.4.0\platform-3.4.0.jar;C:\Users\iamar\.m2\repository\org\seleniumhq\selenium\selenium-iphone-driver\2.28.0\selenium-iphone-driver-2.28.0.jar;C:\Users\iamar\.m2\repository\org\seleniumhq\selenium\selenium-safari-driver\2.28.0\selenium-safari-driver-2.28.0.jar;C:\Users\iamar\.m2\repository\org\seleniumhq\selenium\selenium-support\2.28.0\selenium-support-2.28.0.jar;C:\Users\iamar\.m2\repository\org\webbitserver\webbit\0.4.14\webbit-0.4.14.jar;C:\Users\iamar\.m2\repository\io\netty\netty\3.5.2.Final\netty-3.5.2.Final.jar;C:\Users\iamar\.m2\repository\org\testng\testng\7.10.1\testng-7.10.1.jar;C:\Users\iamar\.m2\repository\org\slf4j\slf4j-api\1.7.36\slf4j-api-1.7.36.jar;C:\Users\iamar\.m2\repository\com\beust\jcommander\1.82\jcommander-1.82.jar;C:\Users\iamar\.m2\repository\org\webjars\jquery\3.7.1\jquery-3.7.1.jar;"/>
    <property name="sun.cpu.endian" value="little"/>
    <property name="user.home" value="C:\Users\iamar"/>
    <property name="user.language" value="en"/>
    <property name="java.specification.vendor" value="Oracle Corporation"/>
    <property name="java.version.date" value="2024-01-16"/>
    <property name="java.home" value="C:\Program Files\Java\jdk-21"/>
    <property name="file.separator" value="\"/>
    <property name="basedir" value="D:\docss\UPES\sem 6\Test Automation\testautomationreport"/>
    <property name="java.vm.compressedOopsMode" value="32-bit"/>
    <property name="line.separator" value="&#10;"/>
    <property name="java.vm.specification.vendor" value="Oracle Corporation"/>
    <property name="java.specification.name" value="Java Platform API Specification"/>
    <property name="surefire.real.class.path" value="C:\Users\iamar\AppData\Local\Temp\surefire10344143891133587221\surefirebooter8953039087257716538.jar"/>
    <property name="user.script" value=""/>
    <property name="sun.management.compiler" value="HotSpot 64-Bit Tiered Compilers"/>
    <property name="java.runtime.version" value="21.0.2+13-LTS-58"/>
    <property name="user.name" value="iamar"/>
    <property name="stdout.encoding" value="Cp1252"/>
    <property name="path.separator" value=";"/>
    <property name="os.version" value="10.0"/>
    <property name="java.runtime.name" value="Java(TM) SE Runtime Environment"/>
    <property name="file.encoding" value="UTF-8"/>
    <property name="java.vm.name" value="Java HotSpot(TM) 64-Bit Server VM"/>
    <property name="localRepository" value="C:\Users\iamar\.m2\repository"/>
    <property name="java.vendor.url.bug" value="https://bugreport.java.com/bugreport/"/>
    <property name="java.io.tmpdir" value="C:\Users\iamar\AppData\Local\Temp\"/>
    <property name="java.version" value="21.0.2"/>
    <property name="user.dir" value="D:\docss\UPES\sem 6\Test Automation\testautomationreport"/>
    <property name="os.arch" value="amd64"/>
    <property name="java.vm.specification.name" value="Java Virtual Machine Specification"/>
    <property name="sun.os.patch.level" value=""/>
    <property name="native.encoding" value="Cp1252"/>
    <property name="java.library.path" value="C:\Program Files\Java\jdk-21\bin;C:\WINDOWS\Sun\Java\bin;C:\WINDOWS\system32;C:\WINDOWS;C:\Python312\Scripts\;C:\Python312\;C:\Program Files\Common Files\Oracle\Java\javapath;C:\Program Files (x86)\Common Files\Oracle\Java\javapath;C:\WINDOWS\system32;C:\WINDOWS;C:\WINDOWS\System32\Wbem;C:\WINDOWS\System32\WindowsPowerShell\v1.0\;C:\WINDOWS\System32\OpenSSH\;C:\Terraform;C:\Program Files (x86)\Java;C:\Program Files\Java\jdk-21;C:\maven\apache-maven-3.9.6\bin;C:\Program Files\nodejs\;C:\ProgramData\chocolatey\bin;C:\Program Files\nodejs\node_modules\npm\bin;C:\Program Files\Git\cmd;C:\Users\iamar\AppData\Local\Microsoft\WindowsApps;C:\Users\iamar\Desktop\Microsoft VS Code\bin;C:\Terraform;C:\Users\iamar\AppData\Roaming\npm;."/>
    <property name="java.vm.info" value="mixed mode, sharing"/>
    <property name="stderr.encoding" value="Cp1252"/>
    <property name="java.vendor" value="Oracle Corporation"/>
    <property name="java.vm.version" value="21.0.2+13-LTS-58"/>
    <property name="sun.io.unicode.encoding" value="UnicodeLittle"/>
    <property name="java.class.version" value="65.0"/>
  </properties>
</testsuite>